Arguments: 
  C:\Program Files\nodejs\node.exe C:\Program Files (x86)\Yarn\bin\yarn.js install

PATH: 
  C:\Windows\system32;C:\Windows;C:\Windows\System32\Wbem;C:\Windows\System32\WindowsPowerShell\v1.0\;C:\Windows\System32\OpenSSH\;C:\Program Files (x86)\Yarn\bin\;C:\Program Files\Git\cmd;C:\Program Files\Microsoft VS Code\bin;C:\Program Files\Docker\Docker\resources\bin;C:\Users\Aleksandr\AppData\Roaming\nvm;C:\Program Files\nodejs;C:\Program Files\nodejs\;C:\Users\Aleksandr\AppData\Local\Microsoft\WindowsApps;C:\Users\Aleksandr\AppData\Local\Yarn\bin;C:\Users\Aleksandr\AppData\Roaming\nvm;C:\Program Files\nodejs;C:\Users\Aleksandr\AppData\Roaming\npm

Yarn version: 
  1.22.4

Node version: 
  16.18.1

Platform: 
  win32 x64

Trace: 
  Error: getaddrinfo ENOTFOUND registry.yarnpkg.com
      at GetAddrInfoReqWrap.onlookup [as oncomplete] (node:dns:109:26)

npm manifest: 
  {
    "name": "server",
    "version": "1.0.0",
    "description": "",
    "main": "index.js",
    "type": "module",
    "engines": {
      "node": "19.4.0",
      "npm": "9.3.0"
    },
    "scripts": {
      "test": "echo \"Error: no test specified\" && exit 1",
      "dev": "nodemon index.js",
      "start": "node index.js"
    },
    "author": "",
    "license": "ISC",
    "dependencies": {
      "bcrypt": "5.0.1",
      "cors": "2.8.5",
      "dotenv": "16.0.2",
      "express": "4.18.1",
      "jsonwebtoken": "8.5.1",
      "mongoose": "5.6.2",
      "nodemon": "2.0.20"
    }
  }

yarn manifest: 
  No manifest

Lockfile: 
  No lockfile
